2018-12-10 16:15:59.067  INFO 15628 --- [restartedMain] com.example.demo.DemoApplication         : Starting DemoApplication on AUTOBVT-22BMO1Q with PID 15628 (D:\downloads\demo\target\classes started by Administrator in D:\downloads\demo)
2018-12-10 16:15:59.067  INFO 15628 --- [restartedMain] com.example.demo.DemoApplication         : No active profile set, falling back to default profiles: default
2018-12-10 16:15:59.068  INFO 15628 --- [restartedMain] ConfigServletWebServerApplicationContext : Refreshing org.springframework.boot.web.servlet.context.AnnotationConfigServletWebServerApplicationContext@115c054a: startup date [Mon Dec 10 16:15:59 CST 2018]; root of context hierarchy
2018-12-10 16:15:59.289  INFO 15628 --- [restartedMain] o.s.b.w.embedded.tomcat.TomcatWebServer  : Tomcat initialized with port(s): 8080 (http)
2018-12-10 16:15:59.289  INFO 15628 --- [restartedMain] o.apache.catalina.core.StandardService   : Starting service [Tomcat]
2018-12-10 16:15:59.289  INFO 15628 --- [restartedMain] org.apache.catalina.core.StandardEngine  : Starting Servlet Engine: Apache Tomcat/8.5.34
2018-12-10 16:15:59.314  INFO 15628 --- [localhost-startStop-1] o.a.c.c.C.[Tomcat-2].[localhost].[/]     : Initializing Spring embedded WebApplicationContext
2018-12-10 16:15:59.316  INFO 15628 --- [localhost-startStop-1] o.s.web.context.ContextLoader            : Root WebApplicationContext: initialization completed in 248 ms
2018-12-10 16:15:59.330  INFO 15628 --- [localhost-startStop-1] o.s.b.w.servlet.FilterRegistrationBean   : Mapping filter: 'characterEncodingFilter' to: [/*]
2018-12-10 16:15:59.330  INFO 15628 --- [localhost-startStop-1] o.s.b.w.servlet.FilterRegistrationBean   : Mapping filter: 'hiddenHttpMethodFilter' to: [/*]
2018-12-10 16:15:59.330  INFO 15628 --- [localhost-startStop-1] o.s.b.w.servlet.FilterRegistrationBean   : Mapping filter: 'httpPutFormContentFilter' to: [/*]
2018-12-10 16:15:59.330  INFO 15628 --- [localhost-startStop-1] o.s.b.w.servlet.FilterRegistrationBean   : Mapping filter: 'requestContextFilter' to: [/*]
2018-12-10 16:15:59.330  INFO 15628 --- [localhost-startStop-1] o.s.b.w.servlet.FilterRegistrationBean   : Mapping filter: 'MyFilter' to urls: [/*]
2018-12-10 16:15:59.330  INFO 15628 --- [localhost-startStop-1] o.s.b.w.servlet.FilterRegistrationBean   : Mapping filter: 'remoteIpFilter' to: [/*]
2018-12-10 16:15:59.331  INFO 15628 --- [localhost-startStop-1] o.s.b.w.servlet.ServletRegistrationBean  : Servlet dispatcherServlet mapped to [/]
2018-12-10 16:15:59.344  INFO 15628 --- [restartedMain] o.s.w.s.handler.SimpleUrlHandlerMapping  : Mapped URL path [/**/favicon.ico] onto handler of type [class org.springframework.web.servlet.resource.ResourceHttpRequestHandler]
2018-12-10 16:15:59.357  INFO 15628 --- [restartedMain] s.w.s.m.m.a.RequestMappingHandlerAdapter : Looking for @ControllerAdvice: org.springframework.boot.web.servlet.context.AnnotationConfigServletWebServerApplicationContext@115c054a: startup date [Mon Dec 10 16:15:59 CST 2018]; root of context hierarchy
2018-12-10 16:15:59.359  INFO 15628 --- [restartedMain] s.w.s.m.m.a.RequestMappingHandlerMapping : Mapped "{[/demo/hello]}" onto public java.lang.String com.example.demo.controller.HelloWorldController.index()
2018-12-10 16:15:59.359  INFO 15628 --- [restartedMain] s.w.s.m.m.a.RequestMappingHandlerMapping : Mapped "{[/demo/getUser.do]}" onto public com.example.demo.domain.User com.example.demo.controller.HelloWorldController.getUser()
2018-12-10 16:15:59.360  INFO 15628 --- [restartedMain] s.w.s.m.m.a.RequestMappingHandlerMapping : Mapped "{[/error]}" onto public org.springframework.http.ResponseEntity<java.util.Map<java.lang.String, java.lang.Object>> org.springframework.boot.autoconfigure.web.servlet.error.BasicErrorController.error(javax.servlet.http.HttpServletRequest)
2018-12-10 16:15:59.360  INFO 15628 --- [restartedMain] s.w.s.m.m.a.RequestMappingHandlerMapping : Mapped "{[/error],produces=[text/html]}" onto public org.springframework.web.servlet.ModelAndView org.springframework.boot.autoconfigure.web.servlet.error.BasicErrorController.errorHtml(javax.servlet.http.HttpServletRequest,javax.servlet.http.HttpServletResponse)
2018-12-10 16:15:59.362  INFO 15628 --- [restartedMain] o.s.w.s.handler.SimpleUrlHandlerMapping  : Mapped URL path [/webjars/**] onto handler of type [class org.springframework.web.servlet.resource.ResourceHttpRequestHandler]
2018-12-10 16:15:59.362  INFO 15628 --- [restartedMain] o.s.w.s.handler.SimpleUrlHandlerMapping  : Mapped URL path [/**] onto handler of type [class org.springframework.web.servlet.resource.ResourceHttpRequestHandler]
2018-12-10 16:15:59.377  INFO 15628 --- [restartedMain] o.s.b.d.a.OptionalLiveReloadServer       : LiveReload server is running on port 35729
2018-12-10 16:15:59.381  INFO 15628 --- [restartedMain] o.s.j.e.a.AnnotationMBeanExporter        : Registering beans for JMX exposure on startup
2018-12-10 16:15:59.389  INFO 15628 --- [restartedMain] o.s.b.w.embedded.tomcat.TomcatWebServer  : Tomcat started on port(s): 8080 (http) with context path ''
2018-12-10 16:15:59.389  INFO 15628 --- [restartedMain] com.example.demo.DemoApplication         : Started DemoApplication in 0.344 seconds (JVM running for 2453.686)
2018-12-10 16:15:59.390  INFO 15628 --- [restartedMain] .ConditionEvaluationDeltaLoggingListener : Condition evaluation unchanged
2018-12-10 16:16:02.772  INFO 15628 --- [http-nio-8080-exec-1] o.a.c.c.C.[Tomcat-2].[localhost].[/]     : Initializing Spring FrameworkServlet 'dispatcherServlet'
2018-12-10 16:16:02.773  INFO 15628 --- [http-nio-8080-exec-1] o.s.web.servlet.DispatcherServlet        : FrameworkServlet 'dispatcherServlet': initialization started
2018-12-10 16:16:02.776  INFO 15628 --- [http-nio-8080-exec-1] o.s.web.servlet.DispatcherServlet        : FrameworkServlet 'dispatcherServlet': initialization completed in 3 ms
2018-12-10 16:17:06.296  INFO 15628 --- [Thread-214] ConfigServletWebServerApplicationContext : Closing org.springframework.boot.web.servlet.context.AnnotationConfigServletWebServerApplicationContext@115c054a: startup date [Mon Dec 10 16:15:59 CST 2018]; root of context hierarchy
2018-12-10 16:17:06.297  INFO 15628 --- [Thread-214] o.s.j.e.a.AnnotationMBeanExporter        : Unregistering JMX-exposed beans on shutdown
